<?xml version="1.0" encoding="UTF-8"?>
<!-- Generated by org.testng.reporters.JUnitXMLReporter -->
<testsuite hostname="FCU-NBK819" ignored="0" name="zwei Test" tests="4" failures="0" timestamp="2022-12-02T16:53:42 MEZ" time="87.573" errors="0">
  <testcase name="TC_002_Die_EMail_Adresse_soll_diese_Zeichen_enthalten" time="26.005" classname="testsThread.US_001_TC_002_Email_Voraussetzungen"/>
  <testcase name="TC_002_Die_EMail_Adresse_soll_diese_Zeichen_enthalten" time="27.327" classname="testsThread.US_001_TC_002_Email_Voraussetzungen"/>
  <testcase name="TC_002_Die_EMail_Adresse_soll_diese_Zeichen_enthalten" time="14.046" classname="testsThread.US_001_TC_002_Email_Voraussetzungen"/>
  <testcase name="TC_002_Die_EMail_Adresse_soll_diese_Zeichen_enthalten" time="12.4" classname="testsThread.US_001_TC_002_Email_Voraussetzungen"/>
</testsuite> <!-- zwei Test -->
