<?xml version="1.0" encoding="UTF-8"?>
<!-- Generated by org.testng.reporters.JUnitXMLReporter -->
<testsuite hostname="FCU-NBK819" ignored="0" name="Surefire test" tests="6" failures="0" timestamp="2022-11-23T13:14:07 MEZ" time="2.425" errors="0">
  <testcase name="test1" time="1.105" classname="docker.DockerTest"/>
  <testcase name="addierenTest" time="0.001" classname="probe.DataProviderTest"/>
  <testcase name="addierenTest" time="0.0" classname="probe.DataProviderTest"/>
  <testcase name="addierenTest" time="0.0" classname="probe.DataProviderTest"/>
  <testcase name="thread" time="0.09" classname="probe.ThreadTest"/>
  <testcase name="thread1" time="0.0" classname="probe.ThreadTest"/>
</testsuite> <!-- Surefire test -->
