<?xml version="1.0" encoding="UTF-8"?>
<testsuite xmlns:xsi="http://www.w3.org/2001/XMLSchema-instance" xsi:noNamespaceSchemaLocation="https://maven.apache.org/surefire/maven-surefire-plugin/xsd/surefire-test-report-3.0.xsd" version="3.0" name="TestSuite" time="148.886" tests="8" errors="0" skipped="0" failures="0">
  <properties>
[...]
</properties>
  <testcase name="US001_TC_003_Benutzernahme_Voraussetzungen_mindestens_6_Zeichen" classname="testsThread.US_001_TC_003_Benutzername_Voraussetzungen" time="17.258">
    <system-err><![CDATA[Starting ChromeDriver 107.0.5304.62 (1eec40d3a5764881c92085aaee66d25075c159aa-refs/branch-heads/5304@{#942})S ont paorrtt in1g ChromeDri5v5e4r7 1
0O7n.l0y. 5l30o4c.6a2l  (1ceoecn4n0de3acti5o7n6s4 8are allow8ed.1
cP9l2e0as8e5 asaeeee 6h6ttdp2s5://0c7hr5omecdr1iv5er9.acharo-mirume.fosrg//bsreacnucrhi-thye-acodnssi/d5e3r0a4ti@o{n#s 9for sugg4esti2on}s )o n okene pipnogr Cth ro2m80eDriver5 sa5fe
.On
ly local connections are allowed.
Please see https://chromedriver.chromium.org/security-considerations for suggestions on keeping ChromeDriver safe.
ChromeDriver was started successfully.
ChromeDriver was started successfully.
Dez 02, 2022 4:51:15 PM org.openqa.selenium.devtools.CdpVersionFinder findNearestMatch
WARNUNG: Unable to find an exact match for CDP version 107, so returning the closest version found: 106
Dez 02, 2022 4:51:15 PM org.openqa.selenium.devtools.CdpVersionFinder findNearestMatch
WARNUNG: Unable to find an exact match for CDP version 107, so returning the closest version found: 106
]]></system-err>
  </testcase>
  <testcase name="US001_TC_003_Benutzernahme_Voraussetzungen_sonderZeichenUsw[AJonas/a](1)" classname="testsThread.US_001_TC_003_Benutzername_Voraussetzungen" time="18.808"/>
  <testcase name="US001_TC_003_Benutzernahme_Voraussetzungen_sonderZeichenUsw[Jona s](2)" classname="testsThread.US_001_TC_003_Benutzername_Voraussetzungen" time="16.196">
    <system-err><![CDATA[Starting ChromeDriver 107.0.5304.62 (1eec40d3a5764881c92085aaee66d25075c159aa-refs/branch-heads/5304@{#942}) on port 10458
Only local connections are allowed.
Please see https://chromedriver.chromium.org/security-considerations for suggestions on keeping ChromeDriver safe.
ChromeDriver was started successfully.
Dez 02, 2022 4:51:37 PM org.openqa.selenium.devtools.CdpVersionFinder findNearestMatch
WARNUNG: Unable to find an exact match for CDP version 107, so returning the closest version found: 106
]]></system-err>
  </testcase>
  <testcase name="US001_TC_003_Benutzernahme_Voraussetzungen_sonderZeichenUsw[Jonasü](3)" classname="testsThread.US_001_TC_003_Benutzername_Voraussetzungen" time="18.256">
    <system-err><![CDATA[Starting ChromeDriver 107.0.5304.62 (1eec40d3a5764881c92085aaee66d25075c159aa-refs/branch-heads/5304@{#942}) on port 42299
Only local connections are allowed.
Please see https://chromedriver.chromium.org/security-considerations for suggestions on keeping ChromeDriver safe.
ChromeDriver was started successfully.
Dez 02, 2022 4:51:55 PM org.openqa.selenium.devtools.CdpVersionFinder findNearestMatch
WARNUNG: Unable to find an exact match for CDP version 107, so returning the closest version found: 106
]]></system-err>
  </testcase>
  <testcase name="TC_002_Die_EMail_Adresse_soll_diese_Zeichen_enthalten[abc.com](1)" classname="testsThread.US_001_TC_002_Email_Voraussetzungen" time="25.998">
    <system-out><![CDATA[abc.com
Jetzt register Schaltfläche ist nicht anklickbar!
]]></system-out>
    <system-err><![CDATA[Starting ChromeDriver 107.0.5304.62 (1eec40d3a5764881c92085aaee66d25075c159aa-refs/branch-heads/5304@{#942}) on port 47070
Only local connections are allowed.
Please see https://chromedriver.chromium.org/security-considerations for suggestions on keeping ChromeDriver safe.
ChromeDriver was started successfully.
Dez 02, 2022 4:52:15 PM org.openqa.selenium.devtools.CdpVersionFinder findNearestMatch
WARNUNG: Unable to find an exact match for CDP version 107, so returning the closest version found: 106
]]></system-err>
  </testcase>
  <testcase name="TC_002_Die_EMail_Adresse_soll_diese_Zeichen_enthalten[@abc.com](2)" classname="testsThread.US_001_TC_002_Email_Voraussetzungen" time="27.316">
    <system-out><![CDATA[@abc.com
Jetzt register Schaltfläche ist nicht anklickbar!
]]></system-out>
    <system-err><![CDATA[Starting ChromeDriver 107.0.5304.62 (1eec40d3a5764881c92085aaee66d25075c159aa-refs/branch-heads/5304@{#942}) on port 43675
Only local connections are allowed.
Please see https://chromedriver.chromium.org/security-considerations for suggestions on keeping ChromeDriver safe.
ChromeDriver was started successfully.
Dez 02, 2022 4:52:43 PM org.openqa.selenium.devtools.CdpVersionFinder findNearestMatch
WARNUNG: Unable to find an exact match for CDP version 107, so returning the closest version found: 106
]]></system-err>
  </testcase>
  <testcase name="TC_002_Die_EMail_Adresse_soll_diese_Zeichen_enthalten[abc@dcom](3)" classname="testsThread.US_001_TC_002_Email_Voraussetzungen" time="14.036">
    <system-out><![CDATA[abc@dcom
Jetzt-register Schaltfläche ist anklickbar.
]]></system-out>
    <system-err><![CDATA[Starting ChromeDriver 107.0.5304.62 (1eec40d3a5764881c92085aaee66d25075c159aa-refs/branch-heads/5304@{#942}) on port 8324
Only local connections are allowed.
Please see https://chromedriver.chromium.org/security-considerations for suggestions on keeping ChromeDriver safe.
ChromeDriver was started successfully.
Dez 02, 2022 4:53:12 PM org.openqa.selenium.devtools.CdpVersionFinder findNearestMatch
WARNUNG: Unable to find an exact match for CDP version 107, so returning the closest version found: 106
]]></system-err>
  </testcase>
  <testcase name="TC_002_Die_EMail_Adresse_soll_diese_Zeichen_enthalten[abc@d.set](4)" classname="testsThread.US_001_TC_002_Email_Voraussetzungen" time="12.39">
    <system-out><![CDATA[abc@d.set
Jetzt-register Schaltfläche ist anklickbar.
]]></system-out>
    <system-err><![CDATA[Starting ChromeDriver 107.0.5304.62 (1eec40d3a5764881c92085aaee66d25075c159aa-refs/branch-heads/5304@{#942}) on port 34855
Only local connections are allowed.
Please see https://chromedriver.chromium.org/security-considerations for suggestions on keeping ChromeDriver safe.
ChromeDriver was started successfully.
Dez 02, 2022 4:53:28 PM org.openqa.selenium.devtools.CdpVersionFinder findNearestMatch
WARNUNG: Unable to find an exact match for CDP version 107, so returning the closest version found: 106
]]></system-err>
  </testcase>
</testsuite>