<?xml version="1.0" encoding="UTF-8"?>
<testng-results skipped="0" failed="0" ignored="0" total="1" passed="1">
  <reporter-output>
  </reporter-output>
  <suite name="inTerminalDurhfuerhren" duration-ms="2478" started-at="2022-11-29T18:31:53 MEZ" finished-at="2022-11-29T18:31:56 MEZ">
    <groups>
    </groups>
    <test name="Terminal" duration-ms="2478" started-at="2022-11-29T18:31:53 MEZ" finished-at="2022-11-29T18:31:56 MEZ">
      <class name="docker.DockerTest">
        <test-method status="PASS" signature="setUp()[pri:0, instance:docker.DockerTest@d44fc21]" name="setUp" is-config="true" duration-ms="989" started-at="2022-11-29T18:31:53 MEZ" finished-at="2022-11-29T18:31:54 MEZ">
          <reporter-output>
          </reporter-output>
        </test-method> <!-- setUp -->
        <test-method status="PASS" signature="test1()[pri:0, instance:docker.DockerTest@d44fc21]" name="test1" duration-ms="1345" started-at="2022-11-29T18:31:54 MEZ" finished-at="2022-11-29T18:31:55 MEZ">
          <reporter-output>
          </reporter-output>
        </test-method> <!-- test1 -->
        <test-method status="PASS" signature="tearDown()[pri:0, instance:docker.DockerTest@d44fc21]" name="tearDown" is-config="true" duration-ms="125" started-at="2022-11-29T18:31:55 MEZ" finished-at="2022-11-29T18:31:56 MEZ">
          <reporter-output>
          </reporter-output>
        </test-method> <!-- tearDown -->
      </class> <!-- docker.DockerTest -->
    </test> <!-- Terminal -->
  </suite> <!-- inTerminalDurhfuerhren -->
</testng-results>
